[2013-08-19 10:07:41] [INFO ] The client qatw has connected.
[2013-08-19 10:07:42] [INFO ] qatw:qtw
[2013-08-19 10:07:43] [INFO ] qatw:awy
[2013-08-19 11:27:43] [INFO ] The client qwta has connected.
[2013-08-19 11:27:45] [INFO ] qwta:qwta
[2013-08-19 11:27:49] [INFO ] qwta:asdsadsadyyoyoyoyoyoyoyoy
[2013-08-19 11:28:38] [INFO ] The client aswr has connected.
[2013-08-19 11:28:40] [INFO ] aswr:Qwta
[2013-08-19 11:28:41] [INFO ] aswr:Wyayaw
[2013-08-19 11:28:47] [INFO ] aswr:Hallo mr viliams
[2013-08-19 11:39:01] [INFO ] The client qwr has connected.
[2013-08-19 11:39:03] [INFO ] qwr:Qwta
[2013-08-19 11:39:04] [INFO ] qwr:Qwya
[2013-08-19 11:39:15] [INFO ] qwr:Wyq
[2013-08-19 11:39:17] [INFO ] qwr:Ywqyayw
[2013-08-19 11:40:34] [INFO ] The client qwta has connected.
[2013-08-19 11:40:36] [INFO ] qwta:Qwya
[2013-08-19 11:40:37] [INFO ] qwta:Yq
[2013-08-19 11:40:38] [INFO ] qwta:Yqwya
[2013-08-19 11:40:39] [INFO ] qwta:Qwya
[2013-08-19 11:49:20] [INFO ] The client asd has connected.
[2013-08-19 11:49:20] [INFO ] asd:Hello
[2013-08-19 11:49:48] [INFO ] The client asd has connected.
[2013-08-19 11:49:48] [INFO ] asd:Hello
[2013-08-19 11:49:49] [INFO ] asd:Hello
[2013-08-19 11:49:50] [INFO ] asd:Hello
[2013-08-19 11:49:51] [INFO ] asd:Hello
[2013-08-19 11:49:52] [INFO ] asd:Hello
[2013-08-19 11:49:53] [INFO ] asd:Hello
[2013-08-19 11:49:54] [INFO ] asd:Hello
[2013-08-19 11:51:01] [INFO ] The client asd has connected.
[2013-08-19 11:51:01] [INFO ] asd:0.27366743073869004
[2013-08-19 11:51:02] [INFO ] asd:0.3706455249213034
[2013-08-19 11:51:03] [INFO ] asd:0.10206692156079755
[2013-08-19 11:51:04] [INFO ] asd:0.6551838381784364
[2013-08-19 11:51:05] [INFO ] asd:0.14973638058651406
[2013-08-19 11:51:06] [INFO ] asd:0.1387052322689547
[2013-08-19 11:51:07] [INFO ] asd:0.12822345638682353
[2013-08-19 11:51:08] [INFO ] asd:0.41520431595898455
[2013-08-19 11:51:09] [INFO ] asd:0.6125103887159067
[2013-08-19 11:51:10] [INFO ] asd:0.504398838856487
[2013-08-19 11:51:11] [INFO ] asd:0.27296141145897046
[2013-08-19 11:51:12] [INFO ] asd:0.6065483952227743
[2013-08-19 11:51:13] [INFO ] asd:0.06683025763551143
[2013-08-19 11:51:14] [INFO ] asd:0.4291958362233016
[2013-08-19 11:51:15] [INFO ] asd:0.6977637802122941
[2013-08-19 11:51:16] [INFO ] asd:0.5669149074197997
[2013-08-19 11:51:17] [INFO ] asd:0.9299087211542784
[2013-08-19 11:51:18] [INFO ] asd:0.7422988878503725
[2013-08-19 11:51:19] [INFO ] asd:0.20398092936615053
[2013-08-19 11:51:20] [INFO ] asd:0.6207880490677783
[2013-08-19 11:51:21] [INFO ] asd:0.12665323331587985
[2013-08-19 11:51:22] [INFO ] asd:0.3632302549109966
[2013-08-19 11:51:23] [INFO ] asd:0.11314830960385036
[2013-08-19 11:51:24] [INFO ] asd:0.31365531872760066
[2013-08-19 11:51:25] [INFO ] asd:0.9679012796412572
[2013-08-19 11:51:25] [INFO ] The client kekeke has connected.
[2013-08-19 11:51:25] [INFO ] The client kekeke has connected.
[2013-08-19 11:51:26] [INFO ] asd:0.9865927263701968
[2013-08-19 11:51:26] [INFO ] asd:0.9865927263701968
[2013-08-19 11:51:27] [INFO ] asd:0.8421217143789768
[2013-08-19 11:51:27] [INFO ] asd:0.8421217143789768
[2013-08-19 11:51:28] [INFO ] asd:0.3349776812853603
[2013-08-19 11:51:28] [INFO ] asd:0.3349776812853603
[2013-08-19 11:51:29] [INFO ] asd:0.553200495421472
[2013-08-19 11:51:29] [INFO ] asd:0.553200495421472
[2013-08-19 11:51:30] [INFO ] asd:0.6784981958983768
[2013-08-19 11:51:30] [INFO ] asd:0.6784981958983768
[2013-08-19 11:51:31] [INFO ] The client kekeke has disconnected.
[2013-08-19 11:51:31] [INFO ] asd:0.07296299495953773
[2013-08-19 11:51:32] [INFO ] asd:0.4509870848641674
[2013-08-19 11:51:33] [INFO ] asd:0.3641796054279738
[2013-08-19 11:51:34] [INFO ] asd:0.3976341854034644
[2013-08-19 11:51:35] [INFO ] asd:0.08254794884130601
[2013-08-19 11:51:36] [INFO ] asd:0.09748897740754847
[2013-08-19 11:51:37] [INFO ] asd:0.7702204193736704
[2013-08-19 11:51:38] [INFO ] asd:0.7986645676586707
[2013-08-19 11:51:39] [INFO ] asd:0.49315776310168025
[2013-08-19 11:51:40] [INFO ] asd:0.8931976917937302
[2013-08-19 11:51:41] [INFO ] asd:0.7550551870158647
[2013-08-19 11:51:42] [INFO ] asd:0.801637768387791
[2013-08-19 11:51:43] [INFO ] asd:0.4328535597416857
[2013-08-19 11:51:44] [INFO ] asd:0.22573525862808808
[2013-08-19 11:51:45] [INFO ] asd:0.2910775508423705
[2013-08-19 11:51:45] [INFO ] The client kekeke has connected.
[2013-08-19 11:51:45] [INFO ] The client kekeke has connected.
[2013-08-19 11:51:45] [INFO ] kekeke:0.7067547930045196
[2013-08-19 11:51:45] [INFO ] kekeke:0.7067547930045196
[2013-08-19 11:51:46] [INFO ] asd:0.31830214743547347
[2013-08-19 11:51:46] [INFO ] asd:0.31830214743547347
[2013-08-19 11:51:46] [INFO ] kekeke:0.9445208420224639
[2013-08-19 11:51:46] [INFO ] kekeke:0.9445208420224639
[2013-08-19 11:51:47] [INFO ] asd:0.8532236242387693
[2013-08-19 11:51:47] [INFO ] asd:0.8532236242387693
[2013-08-19 11:51:47] [INFO ] kekeke:0.5224596935672398
[2013-08-19 11:51:47] [INFO ] kekeke:0.5224596935672398
[2013-08-19 11:51:48] [INFO ] asd:0.23527523699785713
[2013-08-19 11:51:48] [INFO ] asd:0.23527523699785713
[2013-08-19 11:51:48] [INFO ] kekeke:0.08531996327734792
[2013-08-19 11:51:48] [INFO ] kekeke:0.08531996327734792
[2013-08-19 11:51:49] [INFO ] asd:0.4375697139702094
[2013-08-19 11:51:49] [INFO ] asd:0.4375697139702094
[2013-08-19 11:51:49] [INFO ] kekeke:0.6234032114603824
[2013-08-19 11:51:49] [INFO ] kekeke:0.6234032114603824
[2013-08-19 11:51:50] [INFO ] asd:0.21470450142975173
[2013-08-19 11:51:50] [INFO ] asd:0.21470450142975173
[2013-08-19 11:51:50] [INFO ] kekeke:0.847244973556916
[2013-08-19 11:51:50] [INFO ] kekeke:0.847244973556916
[2013-08-19 11:51:51] [INFO ] asd:0.5421311804246575
[2013-08-19 11:51:51] [INFO ] asd:0.5421311804246575
[2013-08-19 11:51:51] [INFO ] kekeke:0.4192652509768059
[2013-08-19 11:51:51] [INFO ] kekeke:0.4192652509768059
[2013-08-19 11:51:52] [INFO ] asd:0.974914715929545
[2013-08-19 11:51:52] [INFO ] asd:0.974914715929545
[2013-08-19 11:51:52] [INFO ] kekeke:0.7272075058068496
[2013-08-19 11:51:52] [INFO ] kekeke:0.7272075058068496
[2013-08-19 11:51:53] [INFO ] asd:0.41971185060193217
[2013-08-19 11:51:53] [INFO ] asd:0.41971185060193217
[2013-08-19 11:51:53] [INFO ] kekeke:0.6917360340023235
[2013-08-19 11:51:53] [INFO ] kekeke:0.6917360340023235
[2013-08-19 11:51:54] [INFO ] asd:0.05917479932430747
[2013-08-19 11:51:54] [INFO ] asd:0.05917479932430747
[2013-08-19 11:51:54] [INFO ] kekeke:0.9410885492683523
[2013-08-19 11:51:54] [INFO ] kekeke:0.9410885492683523
[2013-08-19 11:51:55] [INFO ] asd:0.19038002503832352
[2013-08-19 11:51:55] [INFO ] asd:0.19038002503832352
[2013-08-19 11:51:55] [INFO ] kekeke:0.16050940882264297
[2013-08-19 11:51:55] [INFO ] kekeke:0.16050940882264297
[2013-08-19 11:51:56] [INFO ] asd:0.2622095095479431
[2013-08-19 11:51:56] [INFO ] asd:0.2622095095479431
[2013-08-19 11:51:56] [INFO ] kekeke:0.05945228688072579
[2013-08-19 11:51:56] [INFO ] kekeke:0.05945228688072579
[2013-08-19 11:51:57] [INFO ] asd:0.6571548338309859
[2013-08-19 11:51:57] [INFO ] asd:0.6571548338309859
[2013-08-19 11:51:57] [INFO ] kekeke:0.34620063213639285
[2013-08-19 11:51:57] [INFO ] kekeke:0.34620063213639285
[2013-08-19 11:51:58] [INFO ] asd:0.4557762116211902
[2013-08-19 11:51:58] [INFO ] asd:0.4557762116211902
[2013-08-19 11:51:58] [INFO ] kekeke:0.6659260137262994
[2013-08-19 11:51:58] [INFO ] kekeke:0.6659260137262994
[2013-08-19 11:51:59] [INFO ] asd:0.7237544786691061
[2013-08-19 11:51:59] [INFO ] asd:0.7237544786691061
[2013-08-19 11:51:59] [INFO ] kekeke:0.3070427188026291
[2013-08-19 11:51:59] [INFO ] kekeke:0.3070427188026291
[2013-08-19 11:52:00] [INFO ] asd:0.7529086294091089
[2013-08-19 11:52:00] [INFO ] asd:0.7529086294091089
[2013-08-19 11:52:00] [INFO ] kekeke:0.8541308856270448
[2013-08-19 11:52:00] [INFO ] kekeke:0.8541308856270448
[2013-08-19 11:52:01] [INFO ] asd:0.9541003303755423
[2013-08-19 11:52:01] [INFO ] asd:0.9541003303755423
[2013-08-19 11:52:01] [INFO ] kekeke:0.08242944394368401
[2013-08-19 11:52:01] [INFO ] kekeke:0.08242944394368401
[2013-08-19 11:52:02] [INFO ] asd:0.7955266677115048
[2013-08-19 11:52:02] [INFO ] asd:0.7955266677115048
[2013-08-19 11:52:02] [INFO ] kekeke:0.18973638017551064
[2013-08-19 11:52:02] [INFO ] kekeke:0.18973638017551064
[2013-08-19 11:52:03] [INFO ] asd:0.9956786631771617
[2013-08-19 11:52:03] [INFO ] asd:0.9956786631771617
[2013-08-19 11:52:03] [INFO ] kekeke:0.1599432899264578
[2013-08-19 11:52:03] [INFO ] kekeke:0.1599432899264578
[2013-08-19 11:52:04] [INFO ] asd:0.06577621591217675
[2013-08-19 11:52:04] [INFO ] asd:0.06577621591217675
[2013-08-19 11:52:04] [INFO ] kekeke:0.47852489889394567
[2013-08-19 11:52:04] [INFO ] kekeke:0.47852489889394567
[2013-08-19 11:52:05] [INFO ] asd:0.8372473117691335
[2013-08-19 11:52:05] [INFO ] The client kekeke has disconnected.
[2013-08-19 11:52:06] [INFO ] asd:0.07117402553331942
[2013-08-19 11:52:07] [INFO ] asd:0.8507800460110015
[2013-08-19 11:52:08] [INFO ] asd:0.36649041424352535
[2013-08-19 11:52:40] [INFO ] The client ky has connected.
[2013-08-19 11:52:40] [INFO ] ky:0.6379637333217406
[2013-08-19 11:52:40] [INFO ] The client kekeke has connected.
[2013-08-19 11:52:40] [INFO ] The client kekeke has connected.
[2013-08-19 11:52:42] [INFO ] kekeke:0.869445512610753
[2013-08-19 11:52:44] [INFO ] kekeke:0.23313573486551953
[2013-08-19 11:52:44] [INFO ] kekeke:0.1544160616297957
[2013-08-19 11:53:24] [INFO ] The client kekeke has connected.
[2013-08-19 11:53:24] [INFO ] kekeke:0.9191150067088903
[2013-08-19 11:53:25] [INFO ] kekeke:0.2568899351423568
[2013-08-19 11:53:26] [INFO ] kekeke:0.7374588429240209
[2013-08-19 11:53:28] [INFO ] kekeke:0.7985848883692483
[2013-08-19 11:53:30] [INFO ] kekeke:0.717321202380113
[2013-08-19 11:53:31] [INFO ] kekeke:0.8711261639349471
[2013-08-19 11:53:31] [INFO ] kekeke:0.22642449492932704
[2013-08-19 11:53:32] [INFO ] kekeke:0.9304656822075223
[2013-08-19 11:53:32] [INFO ] kekeke:0.4919655934586108
[2013-08-19 11:53:33] [INFO ] kekeke:0.7601102143877598
[2013-08-19 11:53:34] [INFO ] kekeke:0.5407181546038571
[2013-08-19 11:53:34] [INFO ] kekeke:0.8230326795259743
[2013-08-19 11:53:36] [INFO ] kekeke:0.342305216432671
[2013-08-19 11:53:36] [INFO ] kekeke:0.43527541544079085
[2013-08-19 11:53:37] [INFO ] kekeke:0.260224566227251
[2013-08-19 11:53:38] [INFO ] The client asd has connected.
[2013-08-19 11:53:38] [INFO ] asd:0.04295594360922106
[2013-08-19 11:53:38] [INFO ] The client asd has connected.
[2013-08-19 11:53:38] [INFO ] asd:0.04295594360922106
[2013-08-19 11:53:38] [INFO ] kekeke:0.9218140881189548
[2013-08-19 11:53:38] [INFO ] kekeke:0.9218140881189548
[2013-08-19 11:53:39] [INFO ] asd:0.47761920116998524
[2013-08-19 11:53:39] [INFO ] asd:0.47761920116998524
[2013-08-19 11:53:39] [INFO ] asd:0.09357961473543097
[2013-08-19 11:53:39] [INFO ] asd:0.09357961473543097
[2013-08-19 11:53:40] [INFO ] kekeke:0.8141757608474286
[2013-08-19 11:53:40] [INFO ] kekeke:0.8141757608474286
[2013-08-19 11:53:40] [INFO ] asd:0.2059661049972923
[2013-08-19 11:53:40] [INFO ] asd:0.2059661049972923
[2013-08-19 11:53:41] [INFO ] asd:0.7311290139305827
[2013-08-19 11:53:41] [INFO ] asd:0.7311290139305827
[2013-08-19 11:53:41] [INFO ] kekeke:0.8682042793256981
[2013-08-19 11:53:41] [INFO ] kekeke:0.8682042793256981
[2013-08-19 11:53:43] [INFO ] kekeke:0.9779237638806327
[2013-08-19 11:53:43] [INFO ] kekeke:0.9779237638806327
[2013-08-19 11:53:43] [INFO ] asd:0.9124552908170844
[2013-08-19 11:53:43] [INFO ] asd:0.9124552908170844
[2013-08-19 11:53:43] [INFO ] asd:0.3299984005551111
[2013-08-19 11:53:43] [INFO ] asd:0.3299984005551111
[2013-08-19 11:53:44] [INFO ] kekeke:0.12804745040182364
[2013-08-19 11:53:44] [INFO ] kekeke:0.12804745040182364
[2013-08-19 11:53:45] [INFO ] kekeke:0.9104294880945075
[2013-08-19 11:53:45] [INFO ] kekeke:0.9104294880945075
[2013-08-19 11:53:45] [INFO ] asd:0.9514101974743956
[2013-08-19 11:53:45] [INFO ] asd:0.9514101974743956
[2013-08-19 11:53:45] [INFO ] kekeke:0.9628575555900323
[2013-08-19 11:53:45] [INFO ] kekeke:0.9628575555900323
[2013-08-19 11:53:46] [INFO ] kekeke:0.0879613912409497
[2013-08-19 11:53:46] [INFO ] kekeke:0.0879613912409497
[2013-08-19 11:53:46] [INFO ] asd:0.9051041996340664
[2013-08-19 11:53:46] [INFO ] asd:0.9051041996340664
[2013-08-19 11:53:47] [INFO ] asd:0.6873572592048126
[2013-08-19 11:53:47] [INFO ] asd:0.6873572592048126
[2013-08-19 11:53:47] [INFO ] asd:0.34431284132156414
[2013-08-19 11:53:47] [INFO ] asd:0.34431284132156414
[2013-08-19 11:53:47] [INFO ] kekeke:0.4425831881158525
[2013-08-19 11:53:47] [INFO ] kekeke:0.4425831881158525
[2013-08-19 11:53:48] [INFO ] asd:0.9390351334619771
[2013-08-19 11:53:48] [INFO ] asd:0.9390351334619771
[2013-08-19 11:53:48] [INFO ] kekeke:0.636337270275408
[2013-08-19 11:53:48] [INFO ] kekeke:0.636337270275408
[2013-08-19 11:53:49] [INFO ] asd:0.43545496763949987
[2013-08-19 11:53:49] [INFO ] asd:0.43545496763949987
[2013-08-19 11:53:50] [INFO ] kekeke:0.6634207291782724
[2013-08-19 11:53:50] [INFO ] kekeke:0.6634207291782724
[2013-08-19 11:53:50] [INFO ] asd:0.17195496298054258
[2013-08-19 11:53:50] [INFO ] asd:0.17195496298054258
[2013-08-19 11:53:50] [INFO ] kekeke:0.9056601082307985
[2013-08-19 11:53:50] [INFO ] kekeke:0.9056601082307985
[2013-08-19 11:53:51] [INFO ] asd:0.7006032419024277
[2013-08-19 11:53:51] [INFO ] asd:0.7006032419024277
[2013-08-19 11:53:52] [INFO ] kekeke:0.07272763526942116
[2013-08-19 11:53:52] [INFO ] kekeke:0.07272763526942116
[2013-08-19 11:53:52] [INFO ] asd:0.7818231848628358
[2013-08-19 11:53:52] [INFO ] asd:0.7818231848628358
[2013-08-19 11:53:52] [INFO ] asd:0.9324051477940902
[2013-08-19 11:53:52] [INFO ] asd:0.9324051477940902
[2013-08-19 11:53:54] [INFO ] kekeke:0.9970710866153523
[2013-08-19 11:53:54] [INFO ] kekeke:0.9970710866153523
[2013-08-19 11:53:54] [INFO ] kekeke:0.9982410664328037
[2013-08-19 11:53:54] [INFO ] kekeke:0.9982410664328037
[2013-08-19 11:53:54] [INFO ] asd:0.29114724239854883
[2013-08-19 11:53:54] [INFO ] asd:0.29114724239854883
[2013-08-19 11:53:55] [INFO ] kekeke:0.005812191149401236
[2013-08-19 11:53:55] [INFO ] kekeke:0.005812191149401236
[2013-08-19 11:53:55] [INFO ] kekeke:0.8122886743330063
[2013-08-19 11:53:55] [INFO ] kekeke:0.8122886743330063
[2013-08-19 11:53:55] [INFO ] kekeke:0.09981399331436425
[2013-08-19 11:53:55] [INFO ] kekeke:0.09981399331436425
[2013-08-19 11:53:56] [INFO ] kekeke:0.9929918191560794
[2013-08-19 11:53:56] [INFO ] kekeke:0.9929918191560794
[2013-08-19 11:53:56] [INFO ] asd:0.7763932621745171
[2013-08-19 11:53:56] [INFO ] asd:0.7763932621745171
[2013-08-19 11:53:57] [INFO ] asd:0.2592058334071424
[2013-08-19 11:53:57] [INFO ] asd:0.2592058334071424
[2013-08-19 11:53:57] [INFO ] kekeke:0.2128855929612553
[2013-08-19 11:53:57] [INFO ] kekeke:0.2128855929612553
[2013-08-19 11:53:57] [INFO ] asd:0.2542602896896259
[2013-08-19 11:53:57] [INFO ] asd:0.2542602896896259
[2013-08-19 11:53:58] [INFO ] asd:0.8075882300644254
[2013-08-19 11:53:58] [INFO ] asd:0.8075882300644254
[2013-08-19 11:53:58] [INFO ] asd:0.9632858338435164
[2013-08-19 11:53:58] [INFO ] asd:0.9632858338435164
[2013-08-19 11:53:58] [INFO ] kekeke:0.9280041947149822
[2013-08-19 11:53:58] [INFO ] kekeke:0.9280041947149822
[2013-08-19 11:53:58] [INFO ] kekeke:0.3148226983037481
[2013-08-19 11:53:58] [INFO ] kekeke:0.3148226983037481
[2013-08-19 11:53:58] [INFO ] kekeke:0.46484790493467587
[2013-08-19 11:53:58] [INFO ] kekeke:0.46484790493467587
[2013-08-19 11:54:00] [INFO ] asd:0.13248026082557618
[2013-08-19 11:54:00] [INFO ] asd:0.13248026082557618
[2013-08-19 11:54:00] [INFO ] kekeke:0.6346491351449216
[2013-08-19 11:54:00] [INFO ] kekeke:0.6346491351449216
[2013-08-19 11:54:01] [INFO ] kekeke:0.9615619453242882
[2013-08-19 11:54:01] [INFO ] kekeke:0.9615619453242882
[2013-08-19 11:54:01] [INFO ] asd:0.9845764941691292
[2013-08-19 11:54:01] [INFO ] asd:0.9845764941691292
[2013-08-19 11:54:02] [INFO ] asd:0.12261362051317537
[2013-08-19 11:54:02] [INFO ] asd:0.12261362051317537
[2013-08-19 11:54:03] [INFO ] kekeke:0.25245909395261057
[2013-08-19 11:54:03] [INFO ] kekeke:0.25245909395261057
[2013-08-19 11:54:03] [INFO ] asd:0.7609081365115048
[2013-08-19 11:54:03] [INFO ] asd:0.7609081365115048
[2013-08-19 11:54:04] [INFO ] kekeke:0.391315550844784
[2013-08-19 11:54:04] [INFO ] kekeke:0.391315550844784
[2013-08-19 11:54:04] [INFO ] kekeke:0.9571885171827925
[2013-08-19 11:54:04] [INFO ] kekeke:0.9571885171827925
[2013-08-19 11:54:05] [INFO ] kekeke:0.6849762139120908
[2013-08-19 11:54:05] [INFO ] kekeke:0.6849762139120908
[2013-08-19 11:54:05] [INFO ] asd:0.5662862066312031
[2013-08-19 11:54:05] [INFO ] asd:0.5662862066312031
[2013-08-19 11:54:06] [INFO ] asd:0.49738302835182757
[2013-08-19 11:54:06] [INFO ] asd:0.49738302835182757
[2013-08-19 11:54:06] [INFO ] kekeke:0.4107612862914385
[2013-08-19 11:54:06] [INFO ] kekeke:0.4107612862914385
[2013-08-19 11:54:07] [INFO ] asd:0.0012762526734669821
[2013-08-19 11:54:07] [INFO ] asd:0.0012762526734669821
[2013-08-19 11:54:07] [INFO ] asd:0.9284595644397026
[2013-08-19 11:54:07] [INFO ] asd:0.9284595644397026
[2013-08-19 11:54:07] [INFO ] asd:0.22807552402438214
[2013-08-19 11:54:07] [INFO ] asd:0.22807552402438214
[2013-08-19 11:54:07] [INFO ] kekeke:0.536528211089492
[2013-08-19 11:54:07] [INFO ] kekeke:0.536528211089492
[2013-08-19 11:54:07] [INFO ] asd:0.9638189362024294
[2013-08-19 11:54:07] [INFO ] asd:0.9638189362024294
[2013-08-19 11:54:08] [INFO ] asd:0.3366223950640084
[2013-08-19 11:54:08] [INFO ] asd:0.3366223950640084
[2013-08-19 11:54:08] [INFO ] kekeke:0.3567243255761281
[2013-08-19 11:54:08] [INFO ] kekeke:0.3567243255761281
[2013-08-19 11:54:10] [INFO ] kekeke:0.9994582658797818
[2013-08-19 11:54:10] [INFO ] kekeke:0.9994582658797818
[2013-08-19 11:54:10] [INFO ] asd:0.696417417447437
[2013-08-19 11:54:10] [INFO ] asd:0.696417417447437
[2013-08-19 11:54:10] [INFO ] kekeke:0.6438583060232164
[2013-08-19 11:54:10] [INFO ] kekeke:0.6438583060232164
[2013-08-19 11:54:11] [INFO ] asd:0.929089270576858
[2013-08-19 11:54:11] [INFO ] asd:0.929089270576858
[2013-08-19 11:54:11] [INFO ] kekeke:0.8152798264029074
[2013-08-19 11:54:11] [INFO ] kekeke:0.8152798264029074
[2013-08-19 11:54:13] [INFO ] asd:0.9497812327074908
[2013-08-19 11:54:13] [INFO ] kekeke:0.5088150011474862
[2013-08-19 11:54:13] [INFO ] asd:0.9497812327074908
[2013-08-19 11:54:13] [INFO ] kekeke:0.5088150011474862
[2013-08-19 11:54:13] [INFO ] kekeke:0.33726934957312693
[2013-08-19 11:54:13] [INFO ] kekeke:0.33726934957312693
[2013-08-19 11:54:14] [INFO ] kekeke:0.3581444319296887
[2013-08-19 11:54:14] [INFO ] kekeke:0.3581444319296887
[2013-08-19 11:54:15] [INFO ] asd:0.22256439329905553
[2013-08-19 11:54:15] [INFO ] asd:0.22256439329905553
[2013-08-19 11:54:15] [INFO ] kekeke:0.028665615800242294
[2013-08-19 11:54:15] [INFO ] kekeke:0.028665615800242294
[2013-08-19 11:54:15] [INFO ] asd:0.8188517272268807
[2013-08-19 11:54:15] [INFO ] asd:0.8188517272268807
[2013-08-19 11:54:15] [INFO ] kekeke:0.44956428186637865
[2013-08-19 11:54:15] [INFO ] kekeke:0.44956428186637865
[2013-08-19 11:54:15] [INFO ] kekeke:0.27741675117048437
[2013-08-19 11:54:15] [INFO ] kekeke:0.27741675117048437
[2013-08-19 11:54:15] [INFO ] kekeke:0.4326855861478639
[2013-08-19 11:54:15] [INFO ] kekeke:0.4326855861478639
[2013-08-19 11:54:16] [INFO ] asd:0.7236003257769209
[2013-08-19 11:54:16] [INFO ] asd:0.7236003257769209
[2013-08-19 11:54:17] [INFO ] kekeke:0.959665324324203
[2013-08-19 11:54:17] [INFO ] kekeke:0.959665324324203
[2013-08-19 11:54:17] [INFO ] kekeke:0.36186130090962265
[2013-08-19 11:54:17] [INFO ] kekeke:0.36186130090962265
[2013-08-19 11:54:17] [INFO ] asd:0.8479674028447078
[2013-08-19 11:54:17] [INFO ] asd:0.8479674028447078
[2013-08-19 11:54:18] [INFO ] kekeke:0.7063564635322482
[2013-08-19 11:54:18] [INFO ] kekeke:0.7063564635322482
[2013-08-19 11:54:18] [INFO ] asd:0.3023251491268871
[2013-08-19 11:54:18] [INFO ] asd:0.3023251491268871
[2013-08-19 11:54:19] [INFO ] asd:0.8168731171631497
[2013-08-19 11:54:19] [INFO ] asd:0.8168731171631497
[2013-08-19 11:54:19] [INFO ] asd:0.007648224327827746
[2013-08-19 11:54:19] [INFO ] asd:0.007648224327827746
[2013-08-19 11:54:20] [INFO ] kekeke:0.014281240219379154
[2013-08-19 11:54:20] [INFO ] kekeke:0.014281240219379154
[2013-08-19 11:54:21] [INFO ] kekeke:0.7639385307026546
[2013-08-19 11:54:21] [INFO ] kekeke:0.7639385307026546
[2013-08-19 11:54:21] [INFO ] asd:0.31125114587746483
[2013-08-19 11:54:21] [INFO ] asd:0.31125114587746483
[2013-08-19 11:54:22] [INFO ] kekeke:0.6023458944751036
[2013-08-19 11:54:22] [INFO ] kekeke:0.6023458944751036
[2013-08-19 11:54:22] [INFO ] kekeke:0.20289325854483597
[2013-08-19 11:54:22] [INFO ] kekeke:0.20289325854483597
[2013-08-19 11:54:23] [INFO ] asd:0.43345521249321883
[2013-08-19 11:54:23] [INFO ] asd:0.43345521249321883
[2013-08-19 11:54:24] [INFO ] asd:0.9003986245032918
[2013-08-19 11:54:24] [INFO ] asd:0.9003986245032918
[2013-08-19 11:54:24] [INFO ] kekeke:0.3967661577507853
[2013-08-19 11:54:24] [INFO ] kekeke:0.3967661577507853
[2013-08-19 11:54:25] [INFO ] asd:0.5231366605491754
[2013-08-19 11:54:25] [INFO ] asd:0.5231366605491754
[2013-08-19 11:54:26] [INFO ] kekeke:0.3189791437597669
[2013-08-19 11:54:26] [INFO ] kekeke:0.3189791437597669
[2013-08-19 11:54:26] [INFO ] asd:0.6867628932356135
[2013-08-19 11:54:26] [INFO ] asd:0.6867628932356135
[2013-08-19 11:54:27] [INFO ] kekeke:0.5659697516365201
[2013-08-19 11:54:27] [INFO ] kekeke:0.5659697516365201
[2013-08-19 11:54:27] [INFO ] asd:0.9782328214549184
[2013-08-19 11:54:27] [INFO ] asd:0.9782328214549184
[2013-08-19 11:54:28] [INFO ] kekeke:0.08288101181934393
[2013-08-19 11:54:28] [INFO ] kekeke:0.08288101181934393
[2013-08-19 11:54:29] [INFO ] asd:0.7049611019934426
[2013-08-19 11:54:29] [INFO ] asd:0.7049611019934426
[2013-08-19 11:54:29] [INFO ] kekeke:0.3587073882416032
[2013-08-19 11:54:29] [INFO ] kekeke:0.3587073882416032
[2013-08-19 11:54:29] [INFO ] kekeke:0.9389523082213187
[2013-08-19 11:54:29] [INFO ] kekeke:0.9389523082213187
[2013-08-19 11:54:29] [INFO ] kekeke:0.9033464971803624
[2013-08-19 11:54:29] [INFO ] kekeke:0.9033464971803624
[2013-08-19 11:54:30] [INFO ] asd:0.5563004043825066
[2013-08-19 11:54:30] [INFO ] asd:0.5563004043825066
[2013-08-19 11:54:30] [INFO ] kekeke:0.056663752431105885
[2013-08-19 11:54:30] [INFO ] kekeke:0.056663752431105885
[2013-08-19 11:54:31] [INFO ] kekeke:0.41319871273691067
[2013-08-19 11:54:31] [INFO ] kekeke:0.41319871273691067
[2013-08-19 11:54:31] [INFO ] asd:0.5673294569181777
[2013-08-19 11:54:31] [INFO ] asd:0.5673294569181777
[2013-08-19 11:54:32] [INFO ] kekeke:0.15523389273101829
[2013-08-19 11:54:32] [INFO ] kekeke:0.15523389273101829
[2013-08-19 11:54:32] [INFO ] asd:0.5416134978415206
[2013-08-19 11:54:32] [INFO ] asd:0.5416134978415206
[2013-08-19 11:54:33] [INFO ] kekeke:0.4945621577817594
[2013-08-19 11:54:33] [INFO ] kekeke:0.4945621577817594
[2013-08-19 11:54:33] [INFO ] asd:0.5108693727640216
[2013-08-19 11:54:33] [INFO ] asd:0.5108693727640216
[2013-08-19 11:54:34] [INFO ] kekeke:0.0048756590764720276
[2013-08-19 11:54:34] [INFO ] kekeke:0.0048756590764720276
[2013-08-19 11:54:34] [INFO ] asd:0.6588744082288343
[2013-08-19 11:54:34] [INFO ] asd:0.6588744082288343
[2013-08-19 11:54:36] [INFO ] kekeke:0.08692674625427654
[2013-08-19 11:54:36] [INFO ] kekeke:0.08692674625427654
[2013-08-19 11:54:36] [INFO ] asd:0.40191213410392124
[2013-08-19 11:54:36] [INFO ] asd:0.40191213410392124
[2013-08-19 11:54:36] [INFO ] kekeke:0.18299562644163714
[2013-08-19 11:54:36] [INFO ] kekeke:0.18299562644163714
[2013-08-19 11:54:37] [INFO ] kekeke:0.7591309298834557
[2013-08-19 11:54:37] [INFO ] kekeke:0.7591309298834557
[2013-08-19 11:54:37] [INFO ] kekeke:0.41252298667589793
[2013-08-19 11:54:37] [INFO ] kekeke:0.41252298667589793
[2013-08-19 11:54:38] [INFO ] asd:0.27392773665422965
[2013-08-19 11:54:38] [INFO ] asd:0.27392773665422965
[2013-08-19 11:54:38] [INFO ] asd:0.06369112072450434
[2013-08-19 11:54:38] [INFO ] asd:0.06369112072450434
[2013-08-19 11:54:38] [INFO ] kekeke:0.3713972977964555
[2013-08-19 11:54:38] [INFO ] kekeke:0.3713972977964555
[2013-08-19 11:54:39] [INFO ] asd:0.162882817872687
[2013-08-19 11:54:39] [INFO ] asd:0.162882817872687
[2013-08-19 11:54:39] [INFO ] kekeke:0.11810233602920095
[2013-08-19 11:54:39] [INFO ] kekeke:0.11810233602920095
[2013-08-19 11:54:40] [INFO ] asd:0.3590977543554561
[2013-08-19 11:54:40] [INFO ] asd:0.3590977543554561
[2013-08-19 11:54:41] [INFO ] kekeke:0.8970894587501235
[2013-08-19 11:54:41] [INFO ] kekeke:0.8970894587501235
[2013-08-19 11:54:41] [INFO ] asd:0.20274305116722258
[2013-08-19 11:54:41] [INFO ] asd:0.20274305116722258
[2013-08-19 11:54:42] [INFO ] kekeke:0.3853699224506113
[2013-08-19 11:54:42] [INFO ] kekeke:0.3853699224506113
[2013-08-19 11:54:43] [INFO ] asd:0.44968928886697923
[2013-08-19 11:54:43] [INFO ] asd:0.44968928886697923
[2013-08-19 11:54:43] [INFO ] asd:0.7122549378177316
[2013-08-19 11:54:43] [INFO ] asd:0.7122549378177316
[2013-08-19 11:54:44] [INFO ] asd:0.5841426338774183
[2013-08-19 11:54:44] [INFO ] asd:0.5841426338774183
[2013-08-19 11:54:44] [INFO ] kekeke:0.014864827138997394
[2013-08-19 11:54:44] [INFO ] kekeke:0.014864827138997394
[2013-08-19 11:54:44] [INFO ] asd:0.7125921208934246
[2013-08-19 11:54:44] [INFO ] asd:0.7125921208934246
[2013-08-19 11:54:46] [INFO ] kekeke:0.7589640405211003
[2013-08-19 11:54:46] [INFO ] kekeke:0.7589640405211003
[2013-08-19 11:54:46] [INFO ] asd:0.8312877822567637
[2013-08-19 11:54:46] [INFO ] asd:0.8312877822567637
[2013-08-19 11:54:46] [INFO ] The client hohoh has connected.
[2013-08-19 11:54:46] [INFO ] The client hohoh has connected.
[2013-08-19 11:54:46] [INFO ] hohoh:0.09115420320532752
[2013-08-19 11:54:46] [INFO ] hohoh:0.09115420320532752
[2013-08-19 11:54:46] [INFO ] The client hohoh has connected.
[2013-08-19 11:54:46] [INFO ] hohoh:0.09115420320532752
[2013-08-19 11:54:46] [INFO ] asd:0.21229007390068466
[2013-08-19 11:54:46] [INFO ] asd:0.21229007390068466
[2013-08-19 11:54:47] [INFO ] asd:0.21229007390068466
[2013-08-19 11:54:47] [INFO ] kekeke:0.5469586969064756
[2013-08-19 11:54:47] [INFO ] kekeke:0.5469586969064756
[2013-08-19 11:54:47] [INFO ] kekeke:0.5469586969064756
[2013-08-19 11:54:47] [INFO ] asd:0.6940218399877768
[2013-08-19 11:54:47] [INFO ] asd:0.6940218399877768
[2013-08-19 11:54:47] [INFO ] asd:0.6940218399877768
[2013-08-19 11:54:47] [INFO ] asd:0.7418798310487916
[2013-08-19 11:54:47] [INFO ] asd:0.7418798310487916
[2013-08-19 11:54:47] [INFO ] asd:0.7418798310487916
[2013-08-19 11:54:48] [INFO ] hohoh:0.19883923855220187
[2013-08-19 11:54:48] [INFO ] hohoh:0.19883923855220187
[2013-08-19 11:54:48] [INFO ] hohoh:0.19883923855220187
[2013-08-19 11:54:48] [INFO ] kekeke:0.44657896558013965
[2013-08-19 11:54:48] [INFO ] kekeke:0.44657896558013965
[2013-08-19 11:54:48] [INFO ] kekeke:0.44657896558013965
[2013-08-19 11:54:48] [INFO ] kekeke:0.09617044180327872
[2013-08-19 11:54:48] [INFO ] kekeke:0.09617044180327872
[2013-08-19 11:54:48] [INFO ] kekeke:0.09617044180327872
[2013-08-19 11:54:49] [INFO ] asd:0.77153451007256
[2013-08-19 11:54:49] [INFO ] asd:0.77153451007256
[2013-08-19 11:54:49] [INFO ] asd:0.77153451007256
[2013-08-19 11:54:50] [INFO ] hohoh:0.599090969325158
[2013-08-19 11:54:50] [INFO ] hohoh:0.599090969325158
[2013-08-19 11:54:50] [INFO ] hohoh:0.599090969325158
[2013-08-19 11:54:50] [INFO ] hohoh:0.99908819037513
[2013-08-19 11:54:50] [INFO ] hohoh:0.99908819037513
[2013-08-19 11:54:50] [INFO ] hohoh:0.99908819037513
[2013-08-19 11:54:50] [INFO ] asd:0.5765274838777175
[2013-08-19 11:54:50] [INFO ] asd:0.5765274838777175
[2013-08-19 11:54:50] [INFO ] asd:0.5765274838777175
[2013-08-19 11:54:50] [INFO ] kekeke:0.44454044285926797
[2013-08-19 11:54:50] [INFO ] kekeke:0.44454044285926797
[2013-08-19 11:54:50] [INFO ] kekeke:0.44454044285926797
[2013-08-19 11:54:51] [INFO ] hohoh:0.946458152440389
[2013-08-19 11:54:51] [INFO ] hohoh:0.946458152440389
[2013-08-19 11:54:51] [INFO ] hohoh:0.946458152440389
[2013-08-19 11:54:52] [INFO ] kekeke:0.8829729708111189
[2013-08-19 11:54:52] [INFO ] kekeke:0.8829729708111189
[2013-08-19 11:54:52] [INFO ] kekeke:0.8829729708111189
[2013-08-19 11:54:52] [INFO ] asd:0.9267482711443978
[2013-08-19 11:54:52] [INFO ] asd:0.9267482711443978
[2013-08-19 11:54:52] [INFO ] asd:0.9267482711443978
[2013-08-19 11:54:53] [INFO ] hohoh:0.8480700962038284
[2013-08-19 11:54:53] [INFO ] hohoh:0.8480700962038284
[2013-08-19 11:54:53] [INFO ] hohoh:0.8480700962038284
[2013-08-19 11:54:53] [INFO ] asd:0.48685173954880956
[2013-08-19 11:54:53] [INFO ] asd:0.48685173954880956
[2013-08-19 11:54:53] [INFO ] asd:0.48685173954880956
[2013-08-19 11:54:53] [INFO ] hohoh:0.15032603943139256
[2013-08-19 11:54:53] [INFO ] hohoh:0.15032603943139256
[2013-08-19 11:54:53] [INFO ] hohoh:0.15032603943139256
[2013-08-19 11:54:53] [INFO ] hohoh:0.059443969462268154
[2013-08-19 11:54:53] [INFO ] hohoh:0.059443969462268154
[2013-08-19 11:54:53] [INFO ] hohoh:0.059443969462268154
[2013-08-19 11:54:54] [INFO ] hohoh:0.7810197046653798
[2013-08-19 11:54:54] [INFO ] hohoh:0.7810197046653798
[2013-08-19 11:54:54] [INFO ] hohoh:0.7810197046653798
[2013-08-19 11:54:54] [INFO ] asd:0.6004112245709238
[2013-08-19 11:54:54] [INFO ] asd:0.6004112245709238
[2013-08-19 11:54:54] [INFO ] asd:0.6004112245709238
[2013-08-19 11:54:54] [INFO ] kekeke:0.9372324299480418
[2013-08-19 11:54:54] [INFO ] kekeke:0.9372324299480418
[2013-08-19 11:54:54] [INFO ] kekeke:0.9372324299480418
[2013-08-19 11:54:54] [INFO ] kekeke:0.9478122404303645
[2013-08-19 11:54:54] [INFO ] kekeke:0.9478122404303645
[2013-08-19 11:54:54] [INFO ] kekeke:0.9478122404303645
[2013-08-19 11:54:54] [INFO ] asd:0.6144032365195148
[2013-08-19 11:54:54] [INFO ] asd:0.6144032365195148
[2013-08-19 11:54:54] [INFO ] asd:0.6144032365195148
[2013-08-19 11:54:54] [INFO ] asd:0.20812267072956403
[2013-08-19 11:54:54] [INFO ] asd:0.20812267072956403
[2013-08-19 11:54:54] [INFO ] asd:0.20812267072956403
[2013-08-19 11:54:55] [INFO ] hohoh:0.9663915144583953
[2013-08-19 11:54:55] [INFO ] hohoh:0.9663915144583953
[2013-08-19 11:54:55] [INFO ] hohoh:0.9663915144583953
[2013-08-19 11:54:55] [INFO ] kekeke:0.20903238339702068
[2013-08-19 11:54:55] [INFO ] kekeke:0.20903238339702068
[2013-08-19 11:54:55] [INFO ] kekeke:0.20903238339702068
[2013-08-19 11:54:55] [INFO ] kekeke:0.1114646269759465
[2013-08-19 11:54:55] [INFO ] kekeke:0.1114646269759465
[2013-08-19 11:54:55] [INFO ] kekeke:0.1114646269759465
[2013-08-19 11:54:55] [INFO ] hohoh:0.41549914658483855
[2013-08-19 11:54:55] [INFO ] hohoh:0.41549914658483855
[2013-08-19 11:54:55] [INFO ] hohoh:0.41549914658483855
[2013-08-19 11:54:56] [INFO ] kekeke:0.4555710569492808
[2013-08-19 11:54:56] [INFO ] kekeke:0.4555710569492808
[2013-08-19 11:54:56] [INFO ] kekeke:0.4555710569492808
[2013-08-19 11:54:56] [INFO ] asd:0.10104194895966723
[2013-08-19 11:54:56] [INFO ] asd:0.10104194895966723
[2013-08-19 11:54:56] [INFO ] asd:0.10104194895966723
[2013-08-19 11:54:56] [INFO ] kekeke:0.6909636129684096
[2013-08-19 11:54:56] [INFO ] kekeke:0.6909636129684096
[2013-08-19 11:54:56] [INFO ] kekeke:0.6909636129684096
[2013-08-19 11:54:57] [INFO ] hohoh:0.10202877898886376
[2013-08-19 11:54:57] [INFO ] hohoh:0.10202877898886376
[2013-08-19 11:54:57] [INFO ] hohoh:0.10202877898886376
[2013-08-19 11:54:57] [INFO ] kekeke:0.439386987159336
[2013-08-19 11:54:57] [INFO ] kekeke:0.439386987159336
[2013-08-19 11:54:57] [INFO ] kekeke:0.439386987159336
[2013-08-19 11:54:58] [INFO ] asd:0.9491216908012934
[2013-08-19 11:54:58] [INFO ] asd:0.9491216908012934
[2013-08-19 11:54:58] [INFO ] asd:0.9491216908012934
[2013-08-19 11:54:58] [INFO ] kekeke:0.6538563718392998
[2013-08-19 11:54:58] [INFO ] kekeke:0.6538563718392998
[2013-08-19 11:54:58] [INFO ] kekeke:0.6538563718392998
[2013-08-19 11:54:59] [INFO ] hohoh:0.8658039008747571
[2013-08-19 11:54:59] [INFO ] hohoh:0.8658039008747571
[2013-08-19 11:54:59] [INFO ] hohoh:0.8658039008747571
[2013-08-19 11:54:59] [INFO ] asd:0.3961366171273113
[2013-08-19 11:54:59] [INFO ] asd:0.3961366171273113
[2013-08-19 11:54:59] [INFO ] asd:0.3961366171273113
[2013-08-19 11:54:59] [INFO ] kekeke:0.4221946370808566
[2013-08-19 11:54:59] [INFO ] kekeke:0.4221946370808566
[2013-08-19 11:54:59] [INFO ] kekeke:0.4221946370808566
[2013-08-19 11:54:59] [INFO ] kekeke:0.4850189101035002
[2013-08-19 11:54:59] [INFO ] kekeke:0.4850189101035002
[2013-08-19 11:54:59] [INFO ] kekeke:0.4850189101035002
[2013-08-19 11:54:59] [INFO ] kekeke:0.693946934579452
[2013-08-19 11:54:59] [INFO ] kekeke:0.693946934579452
[2013-08-19 11:54:59] [INFO ] kekeke:0.693946934579452
[2013-08-19 11:55:00] [INFO ] hohoh:0.12612216262754672
[2013-08-19 11:55:00] [INFO ] hohoh:0.12612216262754672
[2013-08-19 11:55:00] [INFO ] hohoh:0.12612216262754672
[2013-08-19 11:55:00] [INFO ] kekeke:0.4949869746729525
[2013-08-19 11:55:00] [INFO ] kekeke:0.4949869746729525
[2013-08-19 11:55:00] [INFO ] kekeke:0.4949869746729525
[2013-08-19 11:55:00] [INFO ] asd:0.47516069592014987
[2013-08-19 11:55:00] [INFO ] asd:0.47516069592014987
[2013-08-19 11:55:00] [INFO ] asd:0.47516069592014987
[2013-08-19 11:55:01] [INFO ] asd:0.7475043199100113
[2013-08-19 11:55:01] [INFO ] asd:0.7475043199100113
[2013-08-19 11:55:01] [INFO ] asd:0.7475043199100113
[2013-08-19 11:55:02] [INFO ] kekeke:0.27961551469510837
[2013-08-19 11:55:02] [INFO ] kekeke:0.27961551469510837
[2013-08-19 11:55:02] [INFO ] kekeke:0.27961551469510837
[2013-08-19 11:55:02] [INFO ] asd:0.5224635163002603
[2013-08-19 11:55:02] [INFO ] asd:0.5224635163002603
[2013-08-19 11:55:02] [INFO ] asd:0.5224635163002603
[2013-08-19 11:55:02] [INFO ] hohoh:0.2968221243280825
[2013-08-19 11:55:02] [INFO ] hohoh:0.2968221243280825
[2013-08-19 11:55:02] [INFO ] hohoh:0.2968221243280825
[2013-08-19 11:55:02] [INFO ] asd:0.6069059426130661
[2013-08-19 11:55:02] [INFO ] asd:0.6069059426130661
[2013-08-19 11:55:02] [INFO ] asd:0.6069059426130661
[2013-08-19 11:55:03] [INFO ] hohoh:0.6084226441248631
[2013-08-19 11:55:03] [INFO ] hohoh:0.6084226441248631
[2013-08-19 11:55:03] [INFO ] hohoh:0.6084226441248631
[2013-08-19 11:55:04] [INFO ] kekeke:0.7631482384679183
[2013-08-19 11:55:04] [INFO ] kekeke:0.7631482384679183
[2013-08-19 11:55:04] [INFO ] kekeke:0.7631482384679183
[2013-08-19 11:55:04] [INFO ] hohoh:0.4124165108181057
[2013-08-19 11:55:04] [INFO ] hohoh:0.4124165108181057
[2013-08-19 11:55:04] [INFO ] hohoh:0.4124165108181057
[2013-08-19 11:55:04] [INFO ] asd:0.6516894286840546
[2013-08-19 11:55:04] [INFO ] asd:0.6516894286840546
[2013-08-19 11:55:04] [INFO ] asd:0.6516894286840546
[2013-08-19 11:55:05] [INFO ] asd:0.32712178747477283
[2013-08-19 11:55:05] [INFO ] asd:0.32712178747477283
[2013-08-19 11:55:05] [INFO ] asd:0.32712178747477283
[2013-08-19 11:55:05] [INFO ] kekeke:0.3066108376281086
[2013-08-19 11:55:05] [INFO ] kekeke:0.3066108376281086
[2013-08-19 11:55:05] [INFO ] kekeke:0.3066108376281086
[2013-08-19 11:55:05] [INFO ] hohoh:0.22016311482615758
[2013-08-19 11:55:05] [INFO ] hohoh:0.22016311482615758
[2013-08-19 11:55:05] [INFO ] hohoh:0.22016311482615758
[2013-08-19 11:55:06] [INFO ] asd:0.13721779491125607
[2013-08-19 11:55:06] [INFO ] asd:0.13721779491125607
[2013-08-19 11:55:06] [INFO ] asd:0.13721779491125607
[2013-08-19 11:55:06] [INFO ] kekeke:0.43848407038115567
[2013-08-19 11:55:06] [INFO ] kekeke:0.43848407038115567
[2013-08-19 11:55:06] [INFO ] kekeke:0.43848407038115567
[2013-08-19 11:55:07] [INFO ] hohoh:0.6281798349552349
[2013-08-19 11:55:07] [INFO ] hohoh:0.6281798349552349
[2013-08-19 11:55:07] [INFO ] hohoh:0.6281798349552349
[2013-08-19 11:55:07] [INFO ] kekeke:0.6738547298643996
[2013-08-19 11:55:07] [INFO ] kekeke:0.6738547298643996
[2013-08-19 11:55:07] [INFO ] kekeke:0.6738547298643996
[2013-08-19 11:55:07] [INFO ] asd:0.2732425656901909
[2013-08-19 11:55:07] [INFO ] asd:0.2732425656901909
[2013-08-19 11:55:07] [INFO ] asd:0.2732425656901909
[2013-08-19 11:55:08] [INFO ] hohoh:0.448896841069226
[2013-08-19 11:55:08] [INFO ] hohoh:0.448896841069226
[2013-08-19 11:55:08] [INFO ] hohoh:0.448896841069226
[2013-08-19 11:55:09] [INFO ] kekeke:0.7672329547042975
[2013-08-19 11:55:09] [INFO ] kekeke:0.7672329547042975
[2013-08-19 11:55:09] [INFO ] kekeke:0.7672329547042975
[2013-08-19 11:55:09] [INFO ] hohoh:0.4383184159861321
[2013-08-19 11:55:09] [INFO ] hohoh:0.4383184159861321
[2013-08-19 11:55:09] [INFO ] hohoh:0.4383184159861321
[2013-08-19 11:55:09] [INFO ] asd:0.5058705059291324
[2013-08-19 11:55:09] [INFO ] asd:0.5058705059291324
[2013-08-19 11:55:09] [INFO ] asd:0.5058705059291324
[2013-08-19 11:55:10] [INFO ] kekeke:0.31484714258020696
[2013-08-19 11:55:10] [INFO ] kekeke:0.31484714258020696
[2013-08-19 11:55:10] [INFO ] kekeke:0.31484714258020696
[2013-08-19 11:55:10] [INFO ] asd:0.6805214012804803
[2013-08-19 11:55:10] [INFO ] asd:0.6805214012804803
[2013-08-19 11:55:10] [INFO ] asd:0.6805214012804803
[2013-08-19 11:55:10] [INFO ] hohoh:0.5031617518998496
[2013-08-19 11:55:10] [INFO ] hohoh:0.5031617518998496
[2013-08-19 11:55:10] [INFO ] hohoh:0.5031617518998496
[2013-08-19 11:55:11] [INFO ] hohoh:0.2247906335544535
[2013-08-19 11:55:11] [INFO ] hohoh:0.2247906335544535
[2013-08-19 11:55:11] [INFO ] hohoh:0.2247906335544535
[2013-08-19 11:55:11] [INFO ] kekeke:0.5379868644196779
[2013-08-19 11:55:11] [INFO ] kekeke:0.5379868644196779
[2013-08-19 11:55:11] [INFO ] kekeke:0.5379868644196779
[2013-08-19 11:55:11] [INFO ] hohoh:0.2996631932081374
[2013-08-19 11:55:11] [INFO ] hohoh:0.2996631932081374
[2013-08-19 11:55:11] [INFO ] hohoh:0.2996631932081374
[2013-08-19 11:55:12] [INFO ] asd:0.4412124398301446
[2013-08-19 11:55:12] [INFO ] asd:0.4412124398301446
[2013-08-19 11:55:12] [INFO ] asd:0.4412124398301446
[2013-08-19 11:55:12] [INFO ] hohoh:0.8284181802296373
[2013-08-19 11:55:12] [INFO ] hohoh:0.8284181802296373
[2013-08-19 11:55:12] [INFO ] hohoh:0.8284181802296373
[2013-08-19 11:55:12] [INFO ] asd:0.9327619751395418
[2013-08-19 11:55:12] [INFO ] asd:0.9327619751395418
[2013-08-19 11:55:12] [INFO ] asd:0.9327619751395418
[2013-08-19 11:55:13] [INFO ] asd:0.32640954390965427
[2013-08-19 11:55:13] [INFO ] asd:0.32640954390965427
[2013-08-19 11:55:13] [INFO ] asd:0.32640954390965427
[2013-08-19 11:55:13] [INFO ] hohoh:0.30720862820815975
[2013-08-19 11:55:13] [INFO ] hohoh:0.30720862820815975
[2013-08-19 11:55:13] [INFO ] hohoh:0.30720862820815975
[2013-08-19 11:55:13] [INFO ] kekeke:0.04450910281346465
[2013-08-19 11:55:13] [INFO ] kekeke:0.04450910281346465
[2013-08-19 11:55:13] [INFO ] kekeke:0.04450910281346465
[2013-08-19 11:55:13] [INFO ] asd:0.18910104048002585
[2013-08-19 11:55:13] [INFO ] asd:0.18910104048002585
[2013-08-19 11:55:13] [INFO ] asd:0.18910104048002585
[2013-08-19 11:55:14] [INFO ] asd:0.880246773835289
[2013-08-19 11:55:14] [INFO ] asd:0.880246773835289
[2013-08-19 11:55:14] [INFO ] asd:0.880246773835289
[2013-08-19 11:55:14] [INFO ] hohoh:0.5211407022546044
[2013-08-19 11:55:14] [INFO ] hohoh:0.5211407022546044
[2013-08-19 11:55:14] [INFO ] hohoh:0.5211407022546044
[2013-08-19 11:55:14] [INFO ] kekeke:0.26374889779015065
[2013-08-19 11:55:14] [INFO ] kekeke:0.26374889779015065
[2013-08-19 11:55:14] [INFO ] kekeke:0.26374889779015065
[2013-08-19 11:55:15] [INFO ] asd:0.8053086002458903
[2013-08-19 11:55:15] [INFO ] asd:0.8053086002458903
[2013-08-19 11:55:15] [INFO ] asd:0.8053086002458903
[2013-08-19 11:55:16] [INFO ] hohoh:0.1583699207798206
[2013-08-19 11:55:16] [INFO ] hohoh:0.1583699207798206
[2013-08-19 11:55:16] [INFO ] hohoh:0.1583699207798206
[2013-08-19 11:55:16] [INFO ] kekeke:0.36279214056550313
[2013-08-19 11:55:16] [INFO ] kekeke:0.36279214056550313
[2013-08-19 11:55:16] [INFO ] kekeke:0.36279214056550313
[2013-08-19 11:55:17] [INFO ] kekeke:0.19096616951821632
[2013-08-19 11:55:17] [INFO ] kekeke:0.19096616951821632
[2013-08-19 11:55:17] [INFO ] kekeke:0.19096616951821632
[2013-08-19 11:55:17] [INFO ] hohoh:0.8507997808777258
[2013-08-19 11:55:17] [INFO ] hohoh:0.8507997808777258
[2013-08-19 11:55:17] [INFO ] hohoh:0.8507997808777258
[2013-08-19 11:55:17] [INFO ] kekeke:0.6110618938533809
[2013-08-19 11:55:17] [INFO ] kekeke:0.6110618938533809
[2013-08-19 11:55:17] [INFO ] kekeke:0.6110618938533809
[2013-08-19 11:55:17] [INFO ] asd:0.5755610706478655
[2013-08-19 11:55:17] [INFO ] asd:0.5755610706478655
[2013-08-19 11:55:17] [INFO ] asd:0.5755610706478655
[2013-08-19 11:55:18] [INFO ] hohoh:0.8924713393584291
[2013-08-19 11:55:18] [INFO ] hohoh:0.8924713393584291
[2013-08-19 11:55:18] [INFO ] hohoh:0.8924713393584291
[2013-08-19 11:55:18] [INFO ] asd:0.6122839846784638
[2013-08-19 11:55:18] [INFO ] asd:0.6122839846784638
[2013-08-19 11:55:18] [INFO ] asd:0.6122839846784638
[2013-08-19 11:55:19] [INFO ] kekeke:0.4293603490659713
[2013-08-19 11:55:19] [INFO ] kekeke:0.4293603490659713
[2013-08-19 11:55:19] [INFO ] kekeke:0.4293603490659713
[2013-08-19 11:55:19] [INFO ] asd:0.9071919311053034
[2013-08-19 11:55:19] [INFO ] asd:0.9071919311053034
[2013-08-19 11:55:19] [INFO ] asd:0.9071919311053034
[2013-08-19 11:55:19] [INFO ] hohoh:0.8381083983092533
[2013-08-19 11:55:19] [INFO ] hohoh:0.8381083983092533
[2013-08-19 11:55:19] [INFO ] hohoh:0.8381083983092533
[2013-08-19 11:55:20] [INFO ] kekeke:0.8403160929925061
[2013-08-19 11:55:20] [INFO ] kekeke:0.8403160929925061
[2013-08-19 11:55:20] [INFO ] kekeke:0.8403160929925061
[2013-08-19 11:55:20] [INFO ] hohoh:0.21890151165809268
[2013-08-19 11:55:20] [INFO ] hohoh:0.21890151165809268
[2013-08-19 11:55:20] [INFO ] hohoh:0.21890151165809268
[2013-08-19 11:55:21] [INFO ] asd:0.900136222771319
[2013-08-19 11:55:21] [INFO ] asd:0.900136222771319
[2013-08-19 11:55:21] [INFO ] asd:0.900136222771319
[2013-08-19 11:55:21] [INFO ] hohoh:0.923668027660184
[2013-08-19 11:55:21] [INFO ] hohoh:0.923668027660184
[2013-08-19 11:55:21] [INFO ] hohoh:0.923668027660184
[2013-08-19 11:55:21] [INFO ] kekeke:0.2018237081685944
[2013-08-19 11:55:21] [INFO ] kekeke:0.2018237081685944
[2013-08-19 11:55:21] [INFO ] kekeke:0.2018237081685944
[2013-08-19 11:55:22] [INFO ] hohoh:0.21815499923275128
[2013-08-19 11:55:22] [INFO ] hohoh:0.21815499923275128
[2013-08-19 11:55:22] [INFO ] hohoh:0.21815499923275128
[2013-08-19 11:55:22] [INFO ] kekeke:0.702198260118864
[2013-08-19 11:55:22] [INFO ] kekeke:0.702198260118864
[2013-08-19 11:55:22] [INFO ] kekeke:0.702198260118864
[2013-08-19 11:55:23] [INFO ] hohoh:0.1152273677462099
[2013-08-19 11:55:23] [INFO ] hohoh:0.1152273677462099
[2013-08-19 11:55:23] [INFO ] hohoh:0.1152273677462099
[2013-08-19 11:55:23] [INFO ] asd:0.8512046058109072
[2013-08-19 11:55:23] [INFO ] asd:0.8512046058109072
[2013-08-19 11:55:23] [INFO ] asd:0.8512046058109072
[2013-08-19 11:55:23] [INFO ] asd:0.0576151125179849
[2013-08-19 11:55:23] [INFO ] asd:0.0576151125179849
[2013-08-19 11:55:23] [INFO ] asd:0.0576151125179849
[2013-08-19 11:55:23] [INFO ] hohoh:0.31820431565376794
[2013-08-19 11:55:23] [INFO ] hohoh:0.31820431565376794
[2013-08-19 11:55:23] [INFO ] hohoh:0.31820431565376794
[2013-08-19 11:55:24] [INFO ] hohoh:0.8731795852512901
[2013-08-19 11:55:24] [INFO ] hohoh:0.8731795852512901
[2013-08-19 11:55:24] [INFO ] hohoh:0.8731795852512901
[2013-08-19 11:55:24] [INFO ] kekeke:0.1632575894601198
[2013-08-19 11:55:24] [INFO ] kekeke:0.1632575894601198
[2013-08-19 11:55:24] [INFO ] kekeke:0.1632575894601198
[2013-08-19 11:55:24] [INFO ] asd:0.05997127475814745
[2013-08-19 11:55:24] [INFO ] asd:0.05997127475814745
[2013-08-19 11:55:24] [INFO ] asd:0.05997127475814745
[2013-08-19 11:55:24] [INFO ] asd:0.7100726201406867
[2013-08-19 11:55:24] [INFO ] asd:0.7100726201406867
[2013-08-19 11:55:24] [INFO ] asd:0.7100726201406867
[2013-08-19 11:55:25] [INFO ] hohoh:0.17159411770180089
[2013-08-19 11:55:25] [INFO ] hohoh:0.17159411770180089
[2013-08-19 11:55:25] [INFO ] hohoh:0.17159411770180089
[2013-08-19 11:55:25] [INFO ] hohoh:0.7912546693179662
[2013-08-19 11:55:25] [INFO ] hohoh:0.7912546693179662
[2013-08-19 11:55:25] [INFO ] hohoh:0.7912546693179662
[2013-08-19 11:55:25] [INFO ] asd:0.10260726648471974
[2013-08-19 11:55:25] [INFO ] asd:0.10260726648471974
[2013-08-19 11:55:25] [INFO ] asd:0.10260726648471974
[2013-08-19 11:55:26] [INFO ] kekeke:0.22008667865916076
[2013-08-19 11:55:26] [INFO ] kekeke:0.22008667865916076
[2013-08-19 11:55:26] [INFO ] kekeke:0.22008667865916076
[2013-08-19 11:55:26] [INFO ] hohoh:0.002518928565385492
[2013-08-19 11:55:26] [INFO ] hohoh:0.002518928565385492
[2013-08-19 11:55:26] [INFO ] hohoh:0.002518928565385492
[2013-08-19 11:55:26] [INFO ] asd:0.03633155986529557
[2013-08-19 11:55:26] [INFO ] asd:0.03633155986529557
[2013-08-19 11:55:26] [INFO ] asd:0.03633155986529557
[2013-08-19 11:55:26] [INFO ] hohoh:0.3741165766512876
[2013-08-19 11:55:26] [INFO ] hohoh:0.3741165766512876
[2013-08-19 11:55:26] [INFO ] hohoh:0.3741165766512876
[2013-08-19 11:55:26] [INFO ] kekeke:0.18838617726973028
[2013-08-19 11:55:26] [INFO ] kekeke:0.18838617726973028
[2013-08-19 11:55:26] [INFO ] kekeke:0.18838617726973028
[2013-08-19 11:55:27] [INFO ] kekeke:0.5684323863526253
[2013-08-19 11:55:27] [INFO ] kekeke:0.5684323863526253
[2013-08-19 11:55:27] [INFO ] kekeke:0.5684323863526253
[2013-08-19 11:55:27] [INFO ] asd:0.975314058011884
[2013-08-19 11:55:27] [INFO ] asd:0.975314058011884
[2013-08-19 11:55:27] [INFO ] asd:0.975314058011884
[2013-08-19 11:55:28] [INFO ] hohoh:0.23972505325886517
[2013-08-19 11:55:28] [INFO ] hohoh:0.23972505325886517
[2013-08-19 11:55:28] [INFO ] hohoh:0.23972505325886517
[2013-08-19 11:55:28] [INFO ] hohoh:0.6704956014328339
[2013-08-19 11:55:28] [INFO ] hohoh:0.6704956014328339
[2013-08-19 11:55:28] [INFO ] hohoh:0.6704956014328339
[2013-08-19 11:55:29] [INFO ] kekeke:0.9940552027529358
[2013-08-19 11:55:29] [INFO ] kekeke:0.9940552027529358
[2013-08-19 11:55:29] [INFO ] kekeke:0.9940552027529358
[2013-08-19 11:55:29] [INFO ] kekeke:0.4888974596916935
[2013-08-19 11:55:29] [INFO ] kekeke:0.4888974596916935
[2013-08-19 11:55:29] [INFO ] kekeke:0.4888974596916935
[2013-08-19 11:55:29] [INFO ] kekeke:0.650720953625447
[2013-08-19 11:55:29] [INFO ] kekeke:0.650720953625447
[2013-08-19 11:55:29] [INFO ] kekeke:0.650720953625447
[2013-08-19 11:55:29] [INFO ] hohoh:0.11184480838930144
[2013-08-19 11:55:29] [INFO ] hohoh:0.11184480838930144
[2013-08-19 11:55:29] [INFO ] hohoh:0.11184480838930144
[2013-08-19 11:55:29] [INFO ] asd:0.2592989932291754
[2013-08-19 11:55:29] [INFO ] asd:0.2592989932291754
[2013-08-19 11:55:29] [INFO ] asd:0.2592989932291754
[2013-08-19 11:55:29] [INFO ] asd:0.8772248785358914
[2013-08-19 11:55:29] [INFO ] asd:0.8772248785358914
[2013-08-19 11:55:29] [INFO ] asd:0.8772248785358914
[2013-08-19 11:55:30] [INFO ] kekeke:0.25524707578663275
[2013-08-19 11:55:30] [INFO ] kekeke:0.25524707578663275
[2013-08-19 11:55:30] [INFO ] kekeke:0.25524707578663275
[2013-08-19 11:55:30] [INFO ] kekeke:0.8931924489762127
[2013-08-19 11:55:30] [INFO ] kekeke:0.8931924489762127
[2013-08-19 11:55:30] [INFO ] kekeke:0.8931924489762127
[2013-08-19 11:55:31] [INFO ] asd:0.19258780560723265
[2013-08-19 11:55:31] [INFO ] asd:0.19258780560723265
[2013-08-19 11:55:31] [INFO ] asd:0.19258780560723265
[2013-08-19 11:55:31] [INFO ] hohoh:0.943174594811672
[2013-08-19 11:55:31] [INFO ] hohoh:0.943174594811672
[2013-08-19 11:55:31] [INFO ] hohoh:0.943174594811672
[2013-08-19 11:55:31] [INFO ] kekeke:0.675337388912578
[2013-08-19 11:55:31] [INFO ] kekeke:0.675337388912578
[2013-08-19 11:55:31] [INFO ] kekeke:0.675337388912578
[2013-08-19 11:55:32] [INFO ] asd:0.1775793681264557
[2013-08-19 11:55:32] [INFO ] asd:0.1775793681264557
[2013-08-19 11:55:32] [INFO ] asd:0.1775793681264557
[2013-08-19 11:55:32] [INFO ] kekeke:0.707652157239811
[2013-08-19 11:55:32] [INFO ] kekeke:0.707652157239811
[2013-08-19 11:55:32] [INFO ] kekeke:0.707652157239811
[2013-08-19 12:20:18] [INFO ] The client a has connected.
[2013-08-19 12:20:18] [INFO ] a:0.5987888490957831
[2013-08-19 12:20:18] [INFO ] The client hohoh has connected.
[2013-08-19 12:20:18] [INFO ] The client hohoh has connected.
[2013-08-19 12:20:18] [INFO ] hohoh:0.6658419209606983
[2013-08-19 12:20:20] [INFO ] hohoh:0.7535514376270549
[2013-08-19 12:21:52] [INFO ] The client hohoh has connected.
[2013-08-19 12:22:05] [INFO ] The client q has connected.
[2013-08-19 12:22:05] [INFO ] q:0.4424672122226435
[2013-08-19 12:22:05] [INFO ] The client hohoh has connected.
[2013-08-19 12:22:05] [INFO ] The client hohoh has connected.
[2013-08-19 12:22:06] [INFO ] hohoh:0.8434420469575444
[2013-08-19 12:22:06] [INFO ] hohoh:0.8434420469575444
[2013-08-19 12:22:06] [INFO ] hohoh:0.19593527473567118
[2013-08-19 12:22:08] [INFO ] hohoh:0.593361378255872
